[debug] [2021-12-05T19:24:33.563Z] ----------------------------------------------------------------------
[debug] [2021-12-05T19:24:33.565Z] Command:       /usr/local/Cellar/node/17.2.0/bin/node /usr/local/bin/firebase init
[debug] [2021-12-05T19:24:33.566Z] CLI Version:   9.23.0
[debug] [2021-12-05T19:24:33.566Z] Platform:      darwin
[debug] [2021-12-05T19:24:33.566Z] Node Version:  v17.2.0
[debug] [2021-12-05T19:24:33.567Z] Time:          Sun Dec 05 2021 14:24:33 GMT-0500 (Eastern Standard Time)
[debug] [2021-12-05T19:24:33.567Z] ----------------------------------------------------------------------
[debug] 
[debug] [2021-12-05T19:24:33.576Z] > command requires scopes: ["email","openid","https://www.googleapis.com/auth/cloudplatformprojects.readonly","https://www.googleapis.com/auth/firebase","https://www.googleapis.com/auth/cloud-platform"]
[debug] [2021-12-05T19:24:33.576Z] > authorizing via signed-in user (katerinakhomenko93@gmail.com)
[info] 
     ######## #### ########  ######## ########     ###     ######  ########
     ##        ##  ##     ## ##       ##     ##  ##   ##  ##       ##
     ######    ##  ########  ######   ########  #########  ######  ######
     ##        ##  ##    ##  ##       ##     ## ##     ##       ## ##
     ##       #### ##     ## ######## ########  ##     ##  ######  ########

You're about to initialize a Firebase project in this directory:

  /Users/kateryna/Desktop/College courses/DB/Assignments/214.2/MyEvent

[info] 
=== Project Setup
[info] 
[info] First, let's associate this project directory with a Firebase project.
[info] You can create multiple project aliases by running firebase use --add, 
[info] but for now we'll just set up a default project.
[info] 
[debug] [2021-12-05T19:26:28.937Z] >>> [apiv2][query] GET https://firebase.googleapis.com/v1beta1/projects pageSize=100
[debug] [2021-12-05T19:26:29.409Z] <<< [apiv2][status] GET https://firebase.googleapis.com/v1beta1/projects 200
[debug] [2021-12-05T19:26:29.409Z] <<< [apiv2][body] GET https://firebase.googleapis.com/v1beta1/projects [omitted]
[info] i  Using project fir-lesson-80596 (GoogleFirebaseLesson) 
[info] 
=== Hosting Setup
[info] 
[info] Your public directory is the folder (relative to your project directory) that
[info] will contain Hosting assets to be uploaded with firebase deploy. If you
[info] have a build process for your assets, use your build's output directory.
[info] 
